{
  "stats": {
    "suites": 1,
    "tests": 6,
    "passes": 3,
    "pending": 0,
    "failures": 3,
    "start": "2025-01-05T03:41:00.188Z",
    "end": "2025-01-05T03:41:05.274Z",
    "duration": 5086,
    "testsRegistered": 6,
    "passPercent": 50,
    "pendingPercent": 0,
    "other": 0,
    "hasOther": false,
    "skipped": 0,
    "hasSkipped": false
  },
  "results": [
    {
      "uuid": "81b8a892-96fb-4d23-aca5-ebd25dd84ffe",
      "title": "",
      "fullFile": "cypress/e2e/APITests/CreateBookAdmin.feature",
      "file": "cypress/e2e/APITests/CreateBookAdmin.feature",
      "beforeHooks": [],
      "afterHooks": [],
      "tests": [],
      "suites": [
        {
          "uuid": "1f47eb19-0e9d-42f8-91f0-7725ba01efd5",
          "title": "Admin create a book",
          "fullFile": "",
          "file": "",
          "beforeHooks": [],
          "afterHooks": [],
          "tests": [
            {
              "title": "Admin successfully create a book",
              "fullTitle": "Admin create a book Admin successfully create a book",
              "timedOut": null,
              "duration": 4095,
              "state": "passed",
              "speed": "fast",
              "pass": true,
              "fail": false,
              "pending": false,
              "context": null,
              "code": "const state = window.testState;\nreturn cy\n  .then(() => state.onStartScenario(scenario, indexedSteps))\n  .then(() =>\n    resolveAndRunBeforeHooks.call(this, scenario.tags, state.feature.name)\n  )\n  .then(() =>\n    indexedSteps.forEach((step) =>\n      stepTest.call(this, state, step, rowData)\n    )\n  )\n  .then(() => state.onFinishScenario(scenario));",
              "err": {},
              "uuid": "286fe657-d6c8-4d8d-98d6-ea515eca70bc",
              "parentUUID": "1f47eb19-0e9d-42f8-91f0-7725ba01efd5",
              "isHook": false,
              "skipped": false
            },
            {
              "title": "Admin attempt to create the same book again",
              "fullTitle": "Admin create a book Admin attempt to create the same book again",
              "timedOut": null,
              "duration": 191,
              "state": "passed",
              "speed": "fast",
              "pass": true,
              "fail": false,
              "pending": false,
              "context": null,
              "code": "const state = window.testState;\nreturn cy\n  .then(() => state.onStartScenario(scenario, indexedSteps))\n  .then(() =>\n    resolveAndRunBeforeHooks.call(this, scenario.tags, state.feature.name)\n  )\n  .then(() =>\n    indexedSteps.forEach((step) =>\n      stepTest.call(this, state, step, rowData)\n    )\n  )\n  .then(() => state.onFinishScenario(scenario));",
              "err": {},
              "uuid": "99eb9164-4e14-4932-9237-62a8fb7652e4",
              "parentUUID": "1f47eb19-0e9d-42f8-91f0-7725ba01efd5",
              "isHook": false,
              "skipped": false
            },
            {
              "title": "Admin attempt to create a book without request body",
              "fullTitle": "Admin create a book Admin attempt to create a book without request body",
              "timedOut": null,
              "duration": 162,
              "state": "passed",
              "speed": "fast",
              "pass": true,
              "fail": false,
              "pending": false,
              "context": null,
              "code": "const state = window.testState;\nreturn cy\n  .then(() => state.onStartScenario(scenario, indexedSteps))\n  .then(() =>\n    resolveAndRunBeforeHooks.call(this, scenario.tags, state.feature.name)\n  )\n  .then(() =>\n    indexedSteps.forEach((step) =>\n      stepTest.call(this, state, step, rowData)\n    )\n  )\n  .then(() => state.onFinishScenario(scenario));",
              "err": {},
              "uuid": "a893c1f5-9e82-4a80-b9fb-21b5ea015c84",
              "parentUUID": "1f47eb19-0e9d-42f8-91f0-7725ba01efd5",
              "isHook": false,
              "skipped": false
            },
            {
              "title": "Admin attempt to create a book without mandatory title field",
              "fullTitle": "Admin create a book Admin attempt to create a book without mandatory title field",
              "timedOut": null,
              "duration": 146,
              "state": "failed",
              "speed": null,
              "pass": false,
              "fail": true,
              "pending": false,
              "context": null,
              "code": "const state = window.testState;\nreturn cy\n  .then(() => state.onStartScenario(scenario, indexedSteps))\n  .then(() =>\n    resolveAndRunBeforeHooks.call(this, scenario.tags, state.feature.name)\n  )\n  .then(() =>\n    indexedSteps.forEach((step) =>\n      stepTest.call(this, state, step, rowData)\n    )\n  )\n  .then(() => state.onFinishScenario(scenario));",
              "err": {
                "message": "AssertionError: expected 201 to equal 400",
                "estack": "AssertionError: expected 201 to equal 400\n    at Context.eval (cypress/support/stepDefinitions/apiSteps/post-request/post-bug.cy.ts:27:31)\n    at Context.resolveAndRunStepDefinition (node_modules/cypress-cucumber-preprocessor/lib/resolveStepDefinition.js:193:0)\n    at Context.eval (node_modules/cypress-cucumber-preprocessor/lib/createTestFromScenario.js:27:0)",
                "diff": "- 201\n+ 400\n"
              },
              "uuid": "33298ca7-996c-4be6-9d6a-a927afca629a",
              "parentUUID": "1f47eb19-0e9d-42f8-91f0-7725ba01efd5",
              "isHook": false,
              "skipped": false
            },
            {
              "title": "Admin attempt to create a book without mandatory author field",
              "fullTitle": "Admin create a book Admin attempt to create a book without mandatory author field",
              "timedOut": null,
              "duration": 145,
              "state": "failed",
              "speed": null,
              "pass": false,
              "fail": true,
              "pending": false,
              "context": null,
              "code": "const state = window.testState;\nreturn cy\n  .then(() => state.onStartScenario(scenario, indexedSteps))\n  .then(() =>\n    resolveAndRunBeforeHooks.call(this, scenario.tags, state.feature.name)\n  )\n  .then(() =>\n    indexedSteps.forEach((step) =>\n      stepTest.call(this, state, step, rowData)\n    )\n  )\n  .then(() => state.onFinishScenario(scenario));",
              "err": {
                "message": "AssertionError: expected 201 to equal 400",
                "estack": "AssertionError: expected 201 to equal 400\n    at Context.eval (cypress/support/stepDefinitions/apiSteps/post-request/post-bug.cy.ts:27:31)\n    at Context.resolveAndRunStepDefinition (node_modules/cypress-cucumber-preprocessor/lib/resolveStepDefinition.js:193:0)\n    at Context.eval (node_modules/cypress-cucumber-preprocessor/lib/createTestFromScenario.js:27:0)",
                "diff": "- 201\n+ 400\n"
              },
              "uuid": "0f8375bf-f0c8-4b08-be08-468449fb6732",
              "parentUUID": "1f47eb19-0e9d-42f8-91f0-7725ba01efd5",
              "isHook": false,
              "skipped": false
            },
            {
              "title": "Admin Attempt to create a book with numeric value for author",
              "fullTitle": "Admin create a book Admin Attempt to create a book with numeric value for author",
              "timedOut": null,
              "duration": 145,
              "state": "failed",
              "speed": null,
              "pass": false,
              "fail": true,
              "pending": false,
              "context": null,
              "code": "const state = window.testState;\nreturn cy\n  .then(() => state.onStartScenario(scenario, indexedSteps))\n  .then(() =>\n    resolveAndRunBeforeHooks.call(this, scenario.tags, state.feature.name)\n  )\n  .then(() =>\n    indexedSteps.forEach((step) =>\n      stepTest.call(this, state, step, rowData)\n    )\n  )\n  .then(() => state.onFinishScenario(scenario));",
              "err": {
                "message": "AssertionError: expected 208 to equal 400",
                "estack": "AssertionError: expected 208 to equal 400\n    at Context.eval (cypress/support/stepDefinitions/apiSteps/post-request/post-bug.cy.ts:27:31)\n    at Context.resolveAndRunStepDefinition (node_modules/cypress-cucumber-preprocessor/lib/resolveStepDefinition.js:193:0)\n    at Context.eval (node_modules/cypress-cucumber-preprocessor/lib/createTestFromScenario.js:27:0)",
                "diff": "- 208\n+ 400\n"
              },
              "uuid": "ca6ee91d-d937-4a32-96bb-f9f85af8330e",
              "parentUUID": "1f47eb19-0e9d-42f8-91f0-7725ba01efd5",
              "isHook": false,
              "skipped": false
            }
          ],
          "suites": [],
          "passes": [
            "286fe657-d6c8-4d8d-98d6-ea515eca70bc",
            "99eb9164-4e14-4932-9237-62a8fb7652e4",
            "a893c1f5-9e82-4a80-b9fb-21b5ea015c84"
          ],
          "failures": [
            "33298ca7-996c-4be6-9d6a-a927afca629a",
            "0f8375bf-f0c8-4b08-be08-468449fb6732",
            "ca6ee91d-d937-4a32-96bb-f9f85af8330e"
          ],
          "pending": [],
          "skipped": [],
          "duration": 4884,
          "root": false,
          "rootEmpty": false,
          "_timeout": 2000
        }
      ],
      "passes": [],
      "failures": [],
      "pending": [],
      "skipped": [],
      "duration": 0,
      "root": true,
      "rootEmpty": true,
      "_timeout": 2000
    }
  ],
  "meta": {
    "mocha": {
      "version": "7.0.1"
    },
    "mochawesome": {
      "options": {
        "quiet": false,
        "reportFilename": "mochawesome",
        "saveHtml": false,
        "saveJson": true,
        "consoleReporter": "spec",
        "useInlineDiffs": false,
        "code": true
      },
      "version": "7.1.3"
    },
    "marge": {
      "options": {
        "reportDir": "cypress/reports",
        "overwrite": false,
        "html": false,
        "json": true
      },
      "version": "6.2.0"
    }
  }
}