{
  "stats": {
    "suites": 1,
    "tests": 3,
    "passes": 3,
    "pending": 0,
    "failures": 0,
    "start": "2025-01-05T03:42:32.531Z",
    "end": "2025-01-05T03:42:40.042Z",
    "duration": 7511,
    "testsRegistered": 3,
    "passPercent": 100,
    "pendingPercent": 0,
    "other": 0,
    "hasOther": false,
    "skipped": 0,
    "hasSkipped": false
  },
  "results": [
    {
      "uuid": "085f8924-ffc4-4f47-9842-a5eb342d96d5",
      "title": "",
      "fullFile": "cypress/e2e/uiTests/document/document.feature",
      "file": "cypress/e2e/uiTests/document/document.feature",
      "beforeHooks": [],
      "afterHooks": [],
      "tests": [],
      "suites": [
        {
          "uuid": "aa366c11-f7aa-4acb-945b-f3fb971acbb0",
          "title": "Document functionality",
          "fullFile": "",
          "file": "",
          "beforeHooks": [],
          "afterHooks": [],
          "tests": [
            {
              "title": "User create a document type",
              "fullTitle": "Document functionality User create a document type",
              "timedOut": null,
              "duration": 4156,
              "state": "passed",
              "speed": "fast",
              "pass": true,
              "fail": false,
              "pending": false,
              "context": null,
              "code": "const state = window.testState;\nreturn cy\n  .then(() => state.onStartScenario(scenario, indexedSteps))\n  .then(() =>\n    resolveAndRunBeforeHooks.call(this, scenario.tags, state.feature.name)\n  )\n  .then(() =>\n    indexedSteps.forEach((step) =>\n      stepTest.call(this, state, step, rowData)\n    )\n  )\n  .then(() => state.onFinishScenario(scenario));",
              "err": {},
              "uuid": "4c3b8ecf-e604-41d5-af61-b6aa6dc28a1d",
              "parentUUID": "aa366c11-f7aa-4acb-945b-f3fb971acbb0",
              "isHook": false,
              "skipped": false
            },
            {
              "title": "User edit a document type",
              "fullTitle": "Document functionality User edit a document type",
              "timedOut": null,
              "duration": 1100,
              "state": "passed",
              "speed": "fast",
              "pass": true,
              "fail": false,
              "pending": false,
              "context": null,
              "code": "const state = window.testState;\nreturn cy\n  .then(() => state.onStartScenario(scenario, indexedSteps))\n  .then(() =>\n    resolveAndRunBeforeHooks.call(this, scenario.tags, state.feature.name)\n  )\n  .then(() =>\n    indexedSteps.forEach((step) =>\n      stepTest.call(this, state, step, rowData)\n    )\n  )\n  .then(() => state.onFinishScenario(scenario));",
              "err": {},
              "uuid": "c4845821-f7ce-4a51-85eb-bead74924cd3",
              "parentUUID": "aa366c11-f7aa-4acb-945b-f3fb971acbb0",
              "isHook": false,
              "skipped": false
            },
            {
              "title": "User delete a document type",
              "fullTitle": "Document functionality User delete a document type",
              "timedOut": null,
              "duration": 1978,
              "state": "passed",
              "speed": "fast",
              "pass": true,
              "fail": false,
              "pending": false,
              "context": null,
              "code": "const state = window.testState;\nreturn cy\n  .then(() => state.onStartScenario(scenario, indexedSteps))\n  .then(() =>\n    resolveAndRunBeforeHooks.call(this, scenario.tags, state.feature.name)\n  )\n  .then(() =>\n    indexedSteps.forEach((step) =>\n      stepTest.call(this, state, step, rowData)\n    )\n  )\n  .then(() => state.onFinishScenario(scenario));",
              "err": {},
              "uuid": "9c733d49-6104-461b-9795-de503b4d63a9",
              "parentUUID": "aa366c11-f7aa-4acb-945b-f3fb971acbb0",
              "isHook": false,
              "skipped": false
            }
          ],
          "suites": [],
          "passes": [
            "4c3b8ecf-e604-41d5-af61-b6aa6dc28a1d",
            "c4845821-f7ce-4a51-85eb-bead74924cd3",
            "9c733d49-6104-461b-9795-de503b4d63a9"
          ],
          "failures": [],
          "pending": [],
          "skipped": [],
          "duration": 7234,
          "root": false,
          "rootEmpty": false,
          "_timeout": 2000
        }
      ],
      "passes": [],
      "failures": [],
      "pending": [],
      "skipped": [],
      "duration": 0,
      "root": true,
      "rootEmpty": true,
      "_timeout": 2000
    }
  ],
  "meta": {
    "mocha": {
      "version": "7.0.1"
    },
    "mochawesome": {
      "options": {
        "quiet": false,
        "reportFilename": "mochawesome",
        "saveHtml": false,
        "saveJson": true,
        "consoleReporter": "spec",
        "useInlineDiffs": false,
        "code": true
      },
      "version": "7.1.3"
    },
    "marge": {
      "options": {
        "reportDir": "cypress/reports",
        "overwrite": false,
        "html": false,
        "json": true
      },
      "version": "6.2.0"
    }
  }
}