{
  "stats": {
    "suites": 1,
    "tests": 1,
    "passes": 1,
    "pending": 0,
    "failures": 0,
    "start": "2025-01-05T03:43:56.379Z",
    "end": "2025-01-05T03:44:00.647Z",
    "duration": 4268,
    "testsRegistered": 1,
    "passPercent": 100,
    "pendingPercent": 0,
    "other": 0,
    "hasOther": false,
    "skipped": 0,
    "hasSkipped": false
  },
  "results": [
    {
      "uuid": "161ebdc6-1f52-40f6-8e24-0695bde0215f",
      "title": "",
      "fullFile": "cypress/e2e/uiTests/training/addNewCourseValidation.feature",
      "file": "cypress/e2e/uiTests/training/addNewCourseValidation.feature",
      "beforeHooks": [],
      "afterHooks": [],
      "tests": [],
      "suites": [
        {
          "uuid": "360305d3-2bfc-4fb5-a342-851fab28040c",
          "title": "Add New Course Validation",
          "fullFile": "",
          "file": "",
          "beforeHooks": [],
          "afterHooks": [],
          "tests": [
            {
              "title": "User attempts to add a new course without filling in required fields",
              "fullTitle": "Add New Course Validation User attempts to add a new course without filling in required fields",
              "timedOut": null,
              "duration": 4223,
              "state": "passed",
              "speed": "fast",
              "pass": true,
              "fail": false,
              "pending": false,
              "context": null,
              "code": "const state = window.testState;\nreturn cy\n  .then(() => state.onStartScenario(scenario, indexedSteps))\n  .then(() =>\n    resolveAndRunBeforeHooks.call(this, scenario.tags, state.feature.name)\n  )\n  .then(() =>\n    indexedSteps.forEach((step) =>\n      stepTest.call(this, state, step, rowData)\n    )\n  )\n  .then(() => state.onFinishScenario(scenario));",
              "err": {},
              "uuid": "b86db863-8174-4bb9-970d-60d62070f499",
              "parentUUID": "360305d3-2bfc-4fb5-a342-851fab28040c",
              "isHook": false,
              "skipped": false
            }
          ],
          "suites": [],
          "passes": [
            "b86db863-8174-4bb9-970d-60d62070f499"
          ],
          "failures": [],
          "pending": [],
          "skipped": [],
          "duration": 4223,
          "root": false,
          "rootEmpty": false,
          "_timeout": 2000
        }
      ],
      "passes": [],
      "failures": [],
      "pending": [],
      "skipped": [],
      "duration": 0,
      "root": true,
      "rootEmpty": true,
      "_timeout": 2000
    }
  ],
  "meta": {
    "mocha": {
      "version": "7.0.1"
    },
    "mochawesome": {
      "options": {
        "quiet": false,
        "reportFilename": "mochawesome",
        "saveHtml": false,
        "saveJson": true,
        "consoleReporter": "spec",
        "useInlineDiffs": false,
        "code": true
      },
      "version": "7.1.3"
    },
    "marge": {
      "options": {
        "reportDir": "cypress/reports",
        "overwrite": false,
        "html": false,
        "json": true
      },
      "version": "6.2.0"
    }
  }
}