{
  "stats": {
    "suites": 1,
    "tests": 1,
    "passes": 1,
    "pending": 0,
    "failures": 0,
    "start": "2025-01-05T03:43:33.314Z",
    "end": "2025-01-05T03:43:36.800Z",
    "duration": 3486,
    "testsRegistered": 1,
    "passPercent": 100,
    "pendingPercent": 0,
    "other": 0,
    "hasOther": false,
    "skipped": 0,
    "hasSkipped": false
  },
  "results": [
    {
      "uuid": "5906dc76-359f-4a30-b20c-f055bd7a3eed",
      "title": "",
      "fullFile": "cypress/e2e/uiTests/leave/leaveTypeModalOpen.feature",
      "file": "cypress/e2e/uiTests/leave/leaveTypeModalOpen.feature",
      "beforeHooks": [],
      "afterHooks": [],
      "tests": [],
      "suites": [
        {
          "uuid": "575c59d3-654b-4907-beab-e916ea37d033",
          "title": "Add Leave Type Modal",
          "fullFile": "",
          "file": "",
          "beforeHooks": [],
          "afterHooks": [],
          "tests": [
            {
              "title": "Successfully open the \"LeaveType\" modal when the \"Add New\" button is clicked",
              "fullTitle": "Add Leave Type Modal Successfully open the \"LeaveType\" modal when the \"Add New\" button is clicked",
              "timedOut": null,
              "duration": 3425,
              "state": "passed",
              "speed": "fast",
              "pass": true,
              "fail": false,
              "pending": false,
              "context": null,
              "code": "const state = window.testState;\nreturn cy\n  .then(() => state.onStartScenario(scenario, indexedSteps))\n  .then(() =>\n    resolveAndRunBeforeHooks.call(this, scenario.tags, state.feature.name)\n  )\n  .then(() =>\n    indexedSteps.forEach((step) =>\n      stepTest.call(this, state, step, rowData)\n    )\n  )\n  .then(() => state.onFinishScenario(scenario));",
              "err": {},
              "uuid": "a0e216e5-4fba-46ac-80bf-96e91080d22d",
              "parentUUID": "575c59d3-654b-4907-beab-e916ea37d033",
              "isHook": false,
              "skipped": false
            }
          ],
          "suites": [],
          "passes": [
            "a0e216e5-4fba-46ac-80bf-96e91080d22d"
          ],
          "failures": [],
          "pending": [],
          "skipped": [],
          "duration": 3425,
          "root": false,
          "rootEmpty": false,
          "_timeout": 2000
        }
      ],
      "passes": [],
      "failures": [],
      "pending": [],
      "skipped": [],
      "duration": 0,
      "root": true,
      "rootEmpty": true,
      "_timeout": 2000
    }
  ],
  "meta": {
    "mocha": {
      "version": "7.0.1"
    },
    "mochawesome": {
      "options": {
        "quiet": false,
        "reportFilename": "mochawesome",
        "saveHtml": false,
        "saveJson": true,
        "consoleReporter": "spec",
        "useInlineDiffs": false,
        "code": true
      },
      "version": "7.1.3"
    },
    "marge": {
      "options": {
        "reportDir": "cypress/reports",
        "overwrite": false,
        "html": false,
        "json": true
      },
      "version": "6.2.0"
    }
  }
}