{
  "stats": {
    "suites": 1,
    "tests": 1,
    "passes": 1,
    "pending": 0,
    "failures": 0,
    "start": "2025-01-05T03:44:19.224Z",
    "end": "2025-01-05T03:44:22.948Z",
    "duration": 3724,
    "testsRegistered": 1,
    "passPercent": 100,
    "pendingPercent": 0,
    "other": 0,
    "hasOther": false,
    "skipped": 0,
    "hasSkipped": false
  },
  "results": [
    {
      "uuid": "6d0f043d-d77f-448b-a805-994f96240868",
      "title": "",
      "fullFile": "cypress/e2e/uiTests/training/searchCourses.feature",
      "file": "cypress/e2e/uiTests/training/searchCourses.feature",
      "beforeHooks": [],
      "afterHooks": [],
      "tests": [],
      "suites": [
        {
          "uuid": "d209f096-c17c-439f-81f5-94645de84cba",
          "title": "Search for courses",
          "fullFile": "",
          "file": "",
          "beforeHooks": [],
          "afterHooks": [],
          "tests": [
            {
              "title": "User searches for \"Info Marketing\" courses",
              "fullTitle": "Search for courses User searches for \"Info Marketing\" courses",
              "timedOut": null,
              "duration": 3676,
              "state": "passed",
              "speed": "fast",
              "pass": true,
              "fail": false,
              "pending": false,
              "context": null,
              "code": "const state = window.testState;\nreturn cy\n  .then(() => state.onStartScenario(scenario, indexedSteps))\n  .then(() =>\n    resolveAndRunBeforeHooks.call(this, scenario.tags, state.feature.name)\n  )\n  .then(() =>\n    indexedSteps.forEach((step) =>\n      stepTest.call(this, state, step, rowData)\n    )\n  )\n  .then(() => state.onFinishScenario(scenario));",
              "err": {},
              "uuid": "320366be-e6b7-4512-b6bc-c9636a81cd24",
              "parentUUID": "d209f096-c17c-439f-81f5-94645de84cba",
              "isHook": false,
              "skipped": false
            }
          ],
          "suites": [],
          "passes": [
            "320366be-e6b7-4512-b6bc-c9636a81cd24"
          ],
          "failures": [],
          "pending": [],
          "skipped": [],
          "duration": 3676,
          "root": false,
          "rootEmpty": false,
          "_timeout": 2000
        }
      ],
      "passes": [],
      "failures": [],
      "pending": [],
      "skipped": [],
      "duration": 0,
      "root": true,
      "rootEmpty": true,
      "_timeout": 2000
    }
  ],
  "meta": {
    "mocha": {
      "version": "7.0.1"
    },
    "mochawesome": {
      "options": {
        "quiet": false,
        "reportFilename": "mochawesome",
        "saveHtml": false,
        "saveJson": true,
        "consoleReporter": "spec",
        "useInlineDiffs": false,
        "code": true
      },
      "version": "7.1.3"
    },
    "marge": {
      "options": {
        "reportDir": "cypress/reports",
        "overwrite": false,
        "html": false,
        "json": true
      },
      "version": "6.2.0"
    }
  }
}