{
  "stats": {
    "suites": 1,
    "tests": 1,
    "passes": 1,
    "pending": 0,
    "failures": 0,
    "start": "2025-01-05T03:55:41.247Z",
    "end": "2025-01-05T03:55:45.356Z",
    "duration": 4109,
    "testsRegistered": 1,
    "passPercent": 100,
    "pendingPercent": 0,
    "other": 0,
    "hasOther": false,
    "skipped": 0,
    "hasSkipped": false
  },
  "results": [
    {
      "uuid": "fae408bd-9624-4f70-898b-d30a310030a2",
      "title": "",
      "fullFile": "cypress/e2e/uiTests/Attendence/CheckValidationOfAddNewData.feature",
      "file": "cypress/e2e/uiTests/Attendence/CheckValidationOfAddNewData.feature",
      "beforeHooks": [],
      "afterHooks": [],
      "tests": [],
      "suites": [
        {
          "uuid": "87021417-2d23-4c63-aa4f-d8b400a1acdf",
          "title": "Alert When Empty Text Box Present",
          "fullFile": "",
          "file": "",
          "beforeHooks": [],
          "afterHooks": [],
          "tests": [
            {
              "title": "Show Alert when user click save with empty Text Boxes",
              "fullTitle": "Alert When Empty Text Box Present Show Alert when user click save with empty Text Boxes",
              "timedOut": null,
              "duration": 4061,
              "state": "passed",
              "speed": "fast",
              "pass": true,
              "fail": false,
              "pending": false,
              "context": null,
              "code": "const state = window.testState;\nreturn cy\n  .then(() => state.onStartScenario(scenario, indexedSteps))\n  .then(() =>\n    resolveAndRunBeforeHooks.call(this, scenario.tags, state.feature.name)\n  )\n  .then(() =>\n    indexedSteps.forEach((step) =>\n      stepTest.call(this, state, step, rowData)\n    )\n  )\n  .then(() => state.onFinishScenario(scenario));",
              "err": {},
              "uuid": "038cdd70-b4a6-4b77-a952-3a820038713b",
              "parentUUID": "87021417-2d23-4c63-aa4f-d8b400a1acdf",
              "isHook": false,
              "skipped": false
            }
          ],
          "suites": [],
          "passes": [
            "038cdd70-b4a6-4b77-a952-3a820038713b"
          ],
          "failures": [],
          "pending": [],
          "skipped": [],
          "duration": 4061,
          "root": false,
          "rootEmpty": false,
          "_timeout": 2000
        }
      ],
      "passes": [],
      "failures": [],
      "pending": [],
      "skipped": [],
      "duration": 0,
      "root": true,
      "rootEmpty": true,
      "_timeout": 2000
    }
  ],
  "meta": {
    "mocha": {
      "version": "7.0.1"
    },
    "mochawesome": {
      "options": {
        "quiet": false,
        "reportFilename": "mochawesome",
        "saveHtml": false,
        "saveJson": true,
        "consoleReporter": "spec",
        "useInlineDiffs": false,
        "code": true
      },
      "version": "7.1.3"
    },
    "marge": {
      "options": {
        "reportDir": "cypress/reports",
        "overwrite": false,
        "html": false,
        "json": true
      },
      "version": "6.2.0"
    }
  }
}