{
  "stats": {
    "suites": 1,
    "tests": 2,
    "passes": 1,
    "pending": 0,
    "failures": 1,
    "start": "2025-01-05T03:41:26.320Z",
    "end": "2025-01-05T03:41:29.244Z",
    "duration": 2924,
    "testsRegistered": 2,
    "passPercent": 50,
    "pendingPercent": 0,
    "other": 0,
    "hasOther": false,
    "skipped": 0,
    "hasSkipped": false
  },
  "results": [
    {
      "uuid": "ce21034b-c63a-4429-a3d9-8bc86573a7aa",
      "title": "",
      "fullFile": "cypress/e2e/APITests/GetAllBookList.feature",
      "file": "cypress/e2e/APITests/GetAllBookList.feature",
      "beforeHooks": [],
      "afterHooks": [],
      "tests": [],
      "suites": [
        {
          "uuid": "9255b2a4-5229-46a3-93ef-15908989aff8",
          "title": "Get All Book List",
          "fullFile": "",
          "file": "",
          "beforeHooks": [],
          "afterHooks": [],
          "tests": [
            {
              "title": "Retrieve all books when no records exist",
              "fullTitle": "Get All Book List Retrieve all books when no records exist",
              "timedOut": null,
              "duration": 2697,
              "state": "failed",
              "speed": null,
              "pass": false,
              "fail": true,
              "pending": false,
              "context": null,
              "code": "const state = window.testState;\nreturn cy\n  .then(() => state.onStartScenario(scenario, indexedSteps))\n  .then(() =>\n    resolveAndRunBeforeHooks.call(this, scenario.tags, state.feature.name)\n  )\n  .then(() =>\n    indexedSteps.forEach((step) =>\n      stepTest.call(this, state, step, rowData)\n    )\n  )\n  .then(() => state.onFinishScenario(scenario));",
              "err": {
                "message": "AssertionError: expected [ Array(2) ] to be empty",
                "estack": "AssertionError: expected [ Array(2) ] to be empty\n    at Context.eval (cypress/support/stepDefinitions/apiSteps/Get-Request/GetAllBookList.cy.ts:26:60)\n    at Context.resolveAndRunStepDefinition (node_modules/cypress-cucumber-preprocessor/lib/resolveStepDefinition.js:193:0)\n    at Context.eval (node_modules/cypress-cucumber-preprocessor/lib/createTestFromScenario.js:27:0)",
                "diff": null
              },
              "uuid": "9ea5fc8c-1e6e-4280-ae49-bc1caa3378e2",
              "parentUUID": "9255b2a4-5229-46a3-93ef-15908989aff8",
              "isHook": false,
              "skipped": false
            },
            {
              "title": "Successfully retrieve all books",
              "fullTitle": "Get All Book List Successfully retrieve all books",
              "timedOut": null,
              "duration": 144,
              "state": "passed",
              "speed": "fast",
              "pass": true,
              "fail": false,
              "pending": false,
              "context": null,
              "code": "const state = window.testState;\nreturn cy\n  .then(() => state.onStartScenario(scenario, indexedSteps))\n  .then(() =>\n    resolveAndRunBeforeHooks.call(this, scenario.tags, state.feature.name)\n  )\n  .then(() =>\n    indexedSteps.forEach((step) =>\n      stepTest.call(this, state, step, rowData)\n    )\n  )\n  .then(() => state.onFinishScenario(scenario));",
              "err": {},
              "uuid": "5b9ef94c-9c59-4809-92bb-deeb144f864f",
              "parentUUID": "9255b2a4-5229-46a3-93ef-15908989aff8",
              "isHook": false,
              "skipped": false
            }
          ],
          "suites": [],
          "passes": [
            "5b9ef94c-9c59-4809-92bb-deeb144f864f"
          ],
          "failures": [
            "9ea5fc8c-1e6e-4280-ae49-bc1caa3378e2"
          ],
          "pending": [],
          "skipped": [],
          "duration": 2841,
          "root": false,
          "rootEmpty": false,
          "_timeout": 2000
        }
      ],
      "passes": [],
      "failures": [],
      "pending": [],
      "skipped": [],
      "duration": 0,
      "root": true,
      "rootEmpty": true,
      "_timeout": 2000
    }
  ],
  "meta": {
    "mocha": {
      "version": "7.0.1"
    },
    "mochawesome": {
      "options": {
        "quiet": false,
        "reportFilename": "mochawesome",
        "saveHtml": false,
        "saveJson": true,
        "consoleReporter": "spec",
        "useInlineDiffs": false,
        "code": true
      },
      "version": "7.1.3"
    },
    "marge": {
      "options": {
        "reportDir": "cypress/reports",
        "overwrite": false,
        "html": false,
        "json": true
      },
      "version": "6.2.0"
    }
  }
}