{
  "stats": {
    "suites": 1,
    "tests": 1,
    "passes": 1,
    "pending": 0,
    "failures": 0,
    "start": "2025-01-05T03:44:12.598Z",
    "end": "2025-01-05T03:44:16.192Z",
    "duration": 3594,
    "testsRegistered": 1,
    "passPercent": 100,
    "pendingPercent": 0,
    "other": 0,
    "hasOther": false,
    "skipped": 0,
    "hasSkipped": false
  },
  "results": [
    {
      "uuid": "e13b7b1b-701e-4788-88b7-adc50c3ddb25",
      "title": "",
      "fullFile": "cypress/e2e/uiTests/training/openCoursesModal.feature",
      "file": "cypress/e2e/uiTests/training/openCoursesModal.feature",
      "beforeHooks": [],
      "afterHooks": [],
      "tests": [],
      "suites": [
        {
          "uuid": "ed40ba3a-1f05-47fc-a857-99070c888451",
          "title": "Open Courses Modal",
          "fullFile": "",
          "file": "",
          "beforeHooks": [],
          "afterHooks": [],
          "tests": [
            {
              "title": "User opens the Courses modal by clicking the Add New button",
              "fullTitle": "Open Courses Modal User opens the Courses modal by clicking the Add New button",
              "timedOut": null,
              "duration": 3525,
              "state": "passed",
              "speed": "fast",
              "pass": true,
              "fail": false,
              "pending": false,
              "context": null,
              "code": "const state = window.testState;\nreturn cy\n  .then(() => state.onStartScenario(scenario, indexedSteps))\n  .then(() =>\n    resolveAndRunBeforeHooks.call(this, scenario.tags, state.feature.name)\n  )\n  .then(() =>\n    indexedSteps.forEach((step) =>\n      stepTest.call(this, state, step, rowData)\n    )\n  )\n  .then(() => state.onFinishScenario(scenario));",
              "err": {},
              "uuid": "c344906a-364f-48c8-bb5f-4ce0a0ae9b44",
              "parentUUID": "ed40ba3a-1f05-47fc-a857-99070c888451",
              "isHook": false,
              "skipped": false
            }
          ],
          "suites": [],
          "passes": [
            "c344906a-364f-48c8-bb5f-4ce0a0ae9b44"
          ],
          "failures": [],
          "pending": [],
          "skipped": [],
          "duration": 3525,
          "root": false,
          "rootEmpty": false,
          "_timeout": 2000
        }
      ],
      "passes": [],
      "failures": [],
      "pending": [],
      "skipped": [],
      "duration": 0,
      "root": true,
      "rootEmpty": true,
      "_timeout": 2000
    }
  ],
  "meta": {
    "mocha": {
      "version": "7.0.1"
    },
    "mochawesome": {
      "options": {
        "quiet": false,
        "reportFilename": "mochawesome",
        "saveHtml": false,
        "saveJson": true,
        "consoleReporter": "spec",
        "useInlineDiffs": false,
        "code": true
      },
      "version": "7.1.3"
    },
    "marge": {
      "options": {
        "reportDir": "cypress/reports",
        "overwrite": false,
        "html": false,
        "json": true
      },
      "version": "6.2.0"
    }
  }
}