{
  "stats": {
    "suites": 1,
    "tests": 1,
    "passes": 1,
    "pending": 0,
    "failures": 0,
    "start": "2025-01-05T03:57:23.706Z",
    "end": "2025-01-05T03:57:27.506Z",
    "duration": 3800,
    "testsRegistered": 1,
    "passPercent": 100,
    "pendingPercent": 0,
    "other": 0,
    "hasOther": false,
    "skipped": 0,
    "hasSkipped": false
  },
  "results": [
    {
      "uuid": "1068afae-05ab-4c0f-9886-08cb771a79e6",
      "title": "",
      "fullFile": "cypress/e2e/uiTests/leave/leaveTypeModalOpen.feature",
      "file": "cypress/e2e/uiTests/leave/leaveTypeModalOpen.feature",
      "beforeHooks": [],
      "afterHooks": [],
      "tests": [],
      "suites": [
        {
          "uuid": "976552c6-9392-439b-941c-0600403f9c17",
          "title": "Add Leave Type Modal",
          "fullFile": "",
          "file": "",
          "beforeHooks": [],
          "afterHooks": [],
          "tests": [
            {
              "title": "Successfully open the \"LeaveType\" modal when the \"Add New\" button is clicked",
              "fullTitle": "Add Leave Type Modal Successfully open the \"LeaveType\" modal when the \"Add New\" button is clicked",
              "timedOut": null,
              "duration": 3708,
              "state": "passed",
              "speed": "fast",
              "pass": true,
              "fail": false,
              "pending": false,
              "context": null,
              "code": "const state = window.testState;\nreturn cy\n  .then(() => state.onStartScenario(scenario, indexedSteps))\n  .then(() =>\n    resolveAndRunBeforeHooks.call(this, scenario.tags, state.feature.name)\n  )\n  .then(() =>\n    indexedSteps.forEach((step) =>\n      stepTest.call(this, state, step, rowData)\n    )\n  )\n  .then(() => state.onFinishScenario(scenario));",
              "err": {},
              "uuid": "ee7bd23c-969b-431a-972d-d37509c2cd05",
              "parentUUID": "976552c6-9392-439b-941c-0600403f9c17",
              "isHook": false,
              "skipped": false
            }
          ],
          "suites": [],
          "passes": [
            "ee7bd23c-969b-431a-972d-d37509c2cd05"
          ],
          "failures": [],
          "pending": [],
          "skipped": [],
          "duration": 3708,
          "root": false,
          "rootEmpty": false,
          "_timeout": 2000
        }
      ],
      "passes": [],
      "failures": [],
      "pending": [],
      "skipped": [],
      "duration": 0,
      "root": true,
      "rootEmpty": true,
      "_timeout": 2000
    }
  ],
  "meta": {
    "mocha": {
      "version": "7.0.1"
    },
    "mochawesome": {
      "options": {
        "quiet": false,
        "reportFilename": "mochawesome",
        "saveHtml": false,
        "saveJson": true,
        "consoleReporter": "spec",
        "useInlineDiffs": false,
        "code": true
      },
      "version": "7.1.3"
    },
    "marge": {
      "options": {
        "reportDir": "cypress/reports",
        "overwrite": false,
        "html": false,
        "json": true
      },
      "version": "6.2.0"
    }
  }
}