{
  "stats": {
    "suites": 1,
    "tests": 1,
    "passes": 1,
    "pending": 0,
    "failures": 0,
    "start": "2025-01-05T03:41:58.241Z",
    "end": "2025-01-05T03:42:02.059Z",
    "duration": 3818,
    "testsRegistered": 1,
    "passPercent": 100,
    "pendingPercent": 0,
    "other": 0,
    "hasOther": false,
    "skipped": 0,
    "hasSkipped": false
  },
  "results": [
    {
      "uuid": "56b098c5-c0d1-4568-8c14-4a289954df8f",
      "title": "",
      "fullFile": "cypress/e2e/uiTests/Attendence/CheckValidationOfAddNewData.feature",
      "file": "cypress/e2e/uiTests/Attendence/CheckValidationOfAddNewData.feature",
      "beforeHooks": [],
      "afterHooks": [],
      "tests": [],
      "suites": [
        {
          "uuid": "b23b56dd-314f-406c-ad31-3c75df4a76f3",
          "title": "Alert When Empty Text Box Present",
          "fullFile": "",
          "file": "",
          "beforeHooks": [],
          "afterHooks": [],
          "tests": [
            {
              "title": "Show Alert when user click save with empty Text Boxes",
              "fullTitle": "Alert When Empty Text Box Present Show Alert when user click save with empty Text Boxes",
              "timedOut": null,
              "duration": 3770,
              "state": "passed",
              "speed": "fast",
              "pass": true,
              "fail": false,
              "pending": false,
              "context": null,
              "code": "const state = window.testState;\nreturn cy\n  .then(() => state.onStartScenario(scenario, indexedSteps))\n  .then(() =>\n    resolveAndRunBeforeHooks.call(this, scenario.tags, state.feature.name)\n  )\n  .then(() =>\n    indexedSteps.forEach((step) =>\n      stepTest.call(this, state, step, rowData)\n    )\n  )\n  .then(() => state.onFinishScenario(scenario));",
              "err": {},
              "uuid": "222992a4-3036-4046-b101-09db159bed68",
              "parentUUID": "b23b56dd-314f-406c-ad31-3c75df4a76f3",
              "isHook": false,
              "skipped": false
            }
          ],
          "suites": [],
          "passes": [
            "222992a4-3036-4046-b101-09db159bed68"
          ],
          "failures": [],
          "pending": [],
          "skipped": [],
          "duration": 3770,
          "root": false,
          "rootEmpty": false,
          "_timeout": 2000
        }
      ],
      "passes": [],
      "failures": [],
      "pending": [],
      "skipped": [],
      "duration": 0,
      "root": true,
      "rootEmpty": true,
      "_timeout": 2000
    }
  ],
  "meta": {
    "mocha": {
      "version": "7.0.1"
    },
    "mochawesome": {
      "options": {
        "quiet": false,
        "reportFilename": "mochawesome",
        "saveHtml": false,
        "saveJson": true,
        "consoleReporter": "spec",
        "useInlineDiffs": false,
        "code": true
      },
      "version": "7.1.3"
    },
    "marge": {
      "options": {
        "reportDir": "cypress/reports",
        "overwrite": false,
        "html": false,
        "json": true
      },
      "version": "6.2.0"
    }
  }
}