{
  "stats": {
    "suites": 1,
    "tests": 1,
    "passes": 1,
    "pending": 0,
    "failures": 0,
    "start": "2025-01-05T03:56:03.929Z",
    "end": "2025-01-05T03:56:07.787Z",
    "duration": 3858,
    "testsRegistered": 1,
    "passPercent": 100,
    "pendingPercent": 0,
    "other": 0,
    "hasOther": false,
    "skipped": 0,
    "hasSkipped": false
  },
  "results": [
    {
      "uuid": "c68da18c-390f-4675-a152-05365ce7f8a5",
      "title": "",
      "fullFile": "cypress/e2e/uiTests/Loans/invalidSaving.feature",
      "file": "cypress/e2e/uiTests/Loans/invalidSaving.feature",
      "beforeHooks": [],
      "afterHooks": [],
      "tests": [],
      "suites": [
        {
          "uuid": "f11095be-c9af-4804-aa50-54d3a37d9393",
          "title": "Invalid Saving of Loan Type Form",
          "fullFile": "",
          "file": "",
          "beforeHooks": [],
          "afterHooks": [],
          "tests": [
            {
              "title": "Save loan type with missing required field",
              "fullTitle": "Invalid Saving of Loan Type Form Save loan type with missing required field",
              "timedOut": null,
              "duration": 3799,
              "state": "passed",
              "speed": "fast",
              "pass": true,
              "fail": false,
              "pending": false,
              "context": null,
              "code": "const state = window.testState;\nreturn cy\n  .then(() => state.onStartScenario(scenario, indexedSteps))\n  .then(() =>\n    resolveAndRunBeforeHooks.call(this, scenario.tags, state.feature.name)\n  )\n  .then(() =>\n    indexedSteps.forEach((step) =>\n      stepTest.call(this, state, step, rowData)\n    )\n  )\n  .then(() => state.onFinishScenario(scenario));",
              "err": {},
              "uuid": "76e8c0f6-d396-4e17-a399-36d69840d38b",
              "parentUUID": "f11095be-c9af-4804-aa50-54d3a37d9393",
              "isHook": false,
              "skipped": false
            }
          ],
          "suites": [],
          "passes": [
            "76e8c0f6-d396-4e17-a399-36d69840d38b"
          ],
          "failures": [],
          "pending": [],
          "skipped": [],
          "duration": 3799,
          "root": false,
          "rootEmpty": false,
          "_timeout": 2000
        }
      ],
      "passes": [],
      "failures": [],
      "pending": [],
      "skipped": [],
      "duration": 0,
      "root": true,
      "rootEmpty": true,
      "_timeout": 2000
    }
  ],
  "meta": {
    "mocha": {
      "version": "7.0.1"
    },
    "mochawesome": {
      "options": {
        "quiet": false,
        "reportFilename": "mochawesome",
        "saveHtml": false,
        "saveJson": true,
        "consoleReporter": "spec",
        "useInlineDiffs": false,
        "code": true
      },
      "version": "7.1.3"
    },
    "marge": {
      "options": {
        "reportDir": "cypress/reports",
        "overwrite": false,
        "html": false,
        "json": true
      },
      "version": "6.2.0"
    }
  }
}