{
  "stats": {
    "suites": 1,
    "tests": 1,
    "passes": 1,
    "pending": 0,
    "failures": 0,
    "start": "2025-01-05T03:57:48.353Z",
    "end": "2025-01-05T03:57:52.936Z",
    "duration": 4583,
    "testsRegistered": 1,
    "passPercent": 100,
    "pendingPercent": 0,
    "other": 0,
    "hasOther": false,
    "skipped": 0,
    "hasSkipped": false
  },
  "results": [
    {
      "uuid": "d6dbdeba-03e0-4187-93a7-551fc1a66120",
      "title": "",
      "fullFile": "cypress/e2e/uiTests/training/addNewCourseValidation.feature",
      "file": "cypress/e2e/uiTests/training/addNewCourseValidation.feature",
      "beforeHooks": [],
      "afterHooks": [],
      "tests": [],
      "suites": [
        {
          "uuid": "01dbd98c-8434-4555-81f9-4d1ae64e0667",
          "title": "Add New Course Validation",
          "fullFile": "",
          "file": "",
          "beforeHooks": [],
          "afterHooks": [],
          "tests": [
            {
              "title": "User attempts to add a new course without filling in required fields",
              "fullTitle": "Add New Course Validation User attempts to add a new course without filling in required fields",
              "timedOut": null,
              "duration": 4527,
              "state": "passed",
              "speed": "fast",
              "pass": true,
              "fail": false,
              "pending": false,
              "context": null,
              "code": "const state = window.testState;\nreturn cy\n  .then(() => state.onStartScenario(scenario, indexedSteps))\n  .then(() =>\n    resolveAndRunBeforeHooks.call(this, scenario.tags, state.feature.name)\n  )\n  .then(() =>\n    indexedSteps.forEach((step) =>\n      stepTest.call(this, state, step, rowData)\n    )\n  )\n  .then(() => state.onFinishScenario(scenario));",
              "err": {},
              "uuid": "3149e69f-c07e-4f81-ac0a-fdf6577b2085",
              "parentUUID": "01dbd98c-8434-4555-81f9-4d1ae64e0667",
              "isHook": false,
              "skipped": false
            }
          ],
          "suites": [],
          "passes": [
            "3149e69f-c07e-4f81-ac0a-fdf6577b2085"
          ],
          "failures": [],
          "pending": [],
          "skipped": [],
          "duration": 4527,
          "root": false,
          "rootEmpty": false,
          "_timeout": 2000
        }
      ],
      "passes": [],
      "failures": [],
      "pending": [],
      "skipped": [],
      "duration": 0,
      "root": true,
      "rootEmpty": true,
      "_timeout": 2000
    }
  ],
  "meta": {
    "mocha": {
      "version": "7.0.1"
    },
    "mochawesome": {
      "options": {
        "quiet": false,
        "reportFilename": "mochawesome",
        "saveHtml": false,
        "saveJson": true,
        "consoleReporter": "spec",
        "useInlineDiffs": false,
        "code": true
      },
      "version": "7.1.3"
    },
    "marge": {
      "options": {
        "reportDir": "cypress/reports",
        "overwrite": false,
        "html": false,
        "json": true
      },
      "version": "6.2.0"
    }
  }
}