{
  "stats": {
    "suites": 1,
    "tests": 2,
    "passes": 1,
    "pending": 0,
    "failures": 1,
    "start": "2025-01-05T03:55:06.511Z",
    "end": "2025-01-05T03:55:09.682Z",
    "duration": 3171,
    "testsRegistered": 2,
    "passPercent": 50,
    "pendingPercent": 0,
    "other": 0,
    "hasOther": false,
    "skipped": 0,
    "hasSkipped": false
  },
  "results": [
    {
      "uuid": "b289fb90-949f-4647-8c33-137cfa917b2a",
      "title": "",
      "fullFile": "cypress/e2e/APITests/GetAllBookList.feature",
      "file": "cypress/e2e/APITests/GetAllBookList.feature",
      "beforeHooks": [],
      "afterHooks": [],
      "tests": [],
      "suites": [
        {
          "uuid": "c286611a-f5be-4afe-9149-67a0921dbfdf",
          "title": "Get All Book List",
          "fullFile": "",
          "file": "",
          "beforeHooks": [],
          "afterHooks": [],
          "tests": [
            {
              "title": "Retrieve all books when no records exist",
              "fullTitle": "Get All Book List Retrieve all books when no records exist",
              "timedOut": null,
              "duration": 2921,
              "state": "failed",
              "speed": null,
              "pass": false,
              "fail": true,
              "pending": false,
              "context": null,
              "code": "const state = window.testState;\nreturn cy\n  .then(() => state.onStartScenario(scenario, indexedSteps))\n  .then(() =>\n    resolveAndRunBeforeHooks.call(this, scenario.tags, state.feature.name)\n  )\n  .then(() =>\n    indexedSteps.forEach((step) =>\n      stepTest.call(this, state, step, rowData)\n    )\n  )\n  .then(() => state.onFinishScenario(scenario));",
              "err": {
                "message": "AssertionError: expected [ Array(2) ] to be empty",
                "estack": "AssertionError: expected [ Array(2) ] to be empty\n    at Context.eval (cypress/support/stepDefinitions/apiSteps/Get-Request/GetAllBookList.cy.ts:26:60)\n    at Context.resolveAndRunStepDefinition (node_modules/cypress-cucumber-preprocessor/lib/resolveStepDefinition.js:193:0)\n    at Context.eval (node_modules/cypress-cucumber-preprocessor/lib/createTestFromScenario.js:27:0)",
                "diff": null
              },
              "uuid": "1cd73e3b-85af-480c-8788-c16fb0e8fb6e",
              "parentUUID": "c286611a-f5be-4afe-9149-67a0921dbfdf",
              "isHook": false,
              "skipped": false
            },
            {
              "title": "Successfully retrieve all books",
              "fullTitle": "Get All Book List Successfully retrieve all books",
              "timedOut": null,
              "duration": 156,
              "state": "passed",
              "speed": "fast",
              "pass": true,
              "fail": false,
              "pending": false,
              "context": null,
              "code": "const state = window.testState;\nreturn cy\n  .then(() => state.onStartScenario(scenario, indexedSteps))\n  .then(() =>\n    resolveAndRunBeforeHooks.call(this, scenario.tags, state.feature.name)\n  )\n  .then(() =>\n    indexedSteps.forEach((step) =>\n      stepTest.call(this, state, step, rowData)\n    )\n  )\n  .then(() => state.onFinishScenario(scenario));",
              "err": {},
              "uuid": "025e476f-38c6-4fe8-8ad7-881097c1f606",
              "parentUUID": "c286611a-f5be-4afe-9149-67a0921dbfdf",
              "isHook": false,
              "skipped": false
            }
          ],
          "suites": [],
          "passes": [
            "025e476f-38c6-4fe8-8ad7-881097c1f606"
          ],
          "failures": [
            "1cd73e3b-85af-480c-8788-c16fb0e8fb6e"
          ],
          "pending": [],
          "skipped": [],
          "duration": 3077,
          "root": false,
          "rootEmpty": false,
          "_timeout": 2000
        }
      ],
      "passes": [],
      "failures": [],
      "pending": [],
      "skipped": [],
      "duration": 0,
      "root": true,
      "rootEmpty": true,
      "_timeout": 2000
    }
  ],
  "meta": {
    "mocha": {
      "version": "7.0.1"
    },
    "mochawesome": {
      "options": {
        "quiet": false,
        "reportFilename": "mochawesome",
        "saveHtml": false,
        "saveJson": true,
        "consoleReporter": "spec",
        "useInlineDiffs": false,
        "code": true
      },
      "version": "7.1.3"
    },
    "marge": {
      "options": {
        "reportDir": "cypress/reports",
        "overwrite": false,
        "html": false,
        "json": true
      },
      "version": "6.2.0"
    }
  }
}