{
  "stats": {
    "suites": 1,
    "tests": 3,
    "passes": 3,
    "pending": 0,
    "failures": 0,
    "start": "2025-01-05T03:43:46.943Z",
    "end": "2025-01-05T03:43:53.302Z",
    "duration": 6359,
    "testsRegistered": 3,
    "passPercent": 100,
    "pendingPercent": 0,
    "other": 0,
    "hasOther": false,
    "skipped": 0,
    "hasSkipped": false
  },
  "results": [
    {
      "uuid": "9244dc95-f2f4-4282-bb7b-19d60bc3951e",
      "title": "",
      "fullFile": "cypress/e2e/uiTests/login/Login.feature",
      "file": "cypress/e2e/uiTests/login/Login.feature",
      "beforeHooks": [],
      "afterHooks": [],
      "tests": [],
      "suites": [
        {
          "uuid": "f7eb73cc-9a4b-4b5f-8466-5bf7f1223799",
          "title": "Login functionality",
          "fullFile": "",
          "file": "",
          "beforeHooks": [],
          "afterHooks": [],
          "tests": [
            {
              "title": "User logs in to the system Successfully",
              "fullTitle": "Login functionality User logs in to the system Successfully",
              "timedOut": null,
              "duration": 2595,
              "state": "passed",
              "speed": "fast",
              "pass": true,
              "fail": false,
              "pending": false,
              "context": null,
              "code": "const state = window.testState;\nreturn cy\n  .then(() => state.onStartScenario(scenario, indexedSteps))\n  .then(() =>\n    resolveAndRunBeforeHooks.call(this, scenario.tags, state.feature.name)\n  )\n  .then(() =>\n    indexedSteps.forEach((step) =>\n      stepTest.call(this, state, step, rowData)\n    )\n  )\n  .then(() => state.onFinishScenario(scenario));",
              "err": {},
              "uuid": "4286250e-76c4-4976-876d-933f0f01436d",
              "parentUUID": "f7eb73cc-9a4b-4b5f-8466-5bf7f1223799",
              "isHook": false,
              "skipped": false
            },
            {
              "title": "User fails to logs in to the system",
              "fullTitle": "Login functionality User fails to logs in to the system",
              "timedOut": null,
              "duration": 1046,
              "state": "passed",
              "speed": "fast",
              "pass": true,
              "fail": false,
              "pending": false,
              "context": null,
              "code": "const state = window.testState;\nreturn cy\n  .then(() => state.onStartScenario(scenario, indexedSteps))\n  .then(() =>\n    resolveAndRunBeforeHooks.call(this, scenario.tags, state.feature.name)\n  )\n  .then(() =>\n    indexedSteps.forEach((step) =>\n      stepTest.call(this, state, step, rowData)\n    )\n  )\n  .then(() => state.onFinishScenario(scenario));",
              "err": {},
              "uuid": "000ce76c-18b0-438c-ac79-cfd5c12c1ac8",
              "parentUUID": "f7eb73cc-9a4b-4b5f-8466-5bf7f1223799",
              "isHook": false,
              "skipped": false
            },
            {
              "title": "User logs out of the the system Successfully",
              "fullTitle": "Login functionality User logs out of the the system Successfully",
              "timedOut": null,
              "duration": 2595,
              "state": "passed",
              "speed": "fast",
              "pass": true,
              "fail": false,
              "pending": false,
              "context": null,
              "code": "const state = window.testState;\nreturn cy\n  .then(() => state.onStartScenario(scenario, indexedSteps))\n  .then(() =>\n    resolveAndRunBeforeHooks.call(this, scenario.tags, state.feature.name)\n  )\n  .then(() =>\n    indexedSteps.forEach((step) =>\n      stepTest.call(this, state, step, rowData)\n    )\n  )\n  .then(() => state.onFinishScenario(scenario));",
              "err": {},
              "uuid": "9106101c-cfed-4342-af4e-9ae7a5d31155",
              "parentUUID": "f7eb73cc-9a4b-4b5f-8466-5bf7f1223799",
              "isHook": false,
              "skipped": false
            }
          ],
          "suites": [],
          "passes": [
            "4286250e-76c4-4976-876d-933f0f01436d",
            "000ce76c-18b0-438c-ac79-cfd5c12c1ac8",
            "9106101c-cfed-4342-af4e-9ae7a5d31155"
          ],
          "failures": [],
          "pending": [],
          "skipped": [],
          "duration": 6236,
          "root": false,
          "rootEmpty": false,
          "_timeout": 2000
        }
      ],
      "passes": [],
      "failures": [],
      "pending": [],
      "skipped": [],
      "duration": 0,
      "root": true,
      "rootEmpty": true,
      "_timeout": 2000
    }
  ],
  "meta": {
    "mocha": {
      "version": "7.0.1"
    },
    "mochawesome": {
      "options": {
        "quiet": false,
        "reportFilename": "mochawesome",
        "saveHtml": false,
        "saveJson": true,
        "consoleReporter": "spec",
        "useInlineDiffs": false,
        "code": true
      },
      "version": "7.1.3"
    },
    "marge": {
      "options": {
        "reportDir": "cypress/reports",
        "overwrite": false,
        "html": false,
        "json": true
      },
      "version": "6.2.0"
    }
  }
}