{
  "stats": {
    "suites": 1,
    "tests": 1,
    "passes": 1,
    "pending": 0,
    "failures": 0,
    "start": "2025-01-05T03:42:26.150Z",
    "end": "2025-01-05T03:42:29.551Z",
    "duration": 3401,
    "testsRegistered": 1,
    "passPercent": 100,
    "pendingPercent": 0,
    "other": 0,
    "hasOther": false,
    "skipped": 0,
    "hasSkipped": false
  },
  "results": [
    {
      "uuid": "aa359d30-4d1c-40bd-b783-05edd03eda46",
      "title": "",
      "fullFile": "cypress/e2e/uiTests/Loans/loanTypeAddNewButton.feature",
      "file": "cypress/e2e/uiTests/Loans/loanTypeAddNewButton.feature",
      "beforeHooks": [],
      "afterHooks": [],
      "tests": [],
      "suites": [
        {
          "uuid": "637161c4-f8ef-4ee8-bc4f-482da61fc052",
          "title": "Validation of 'Add New' Button on Loan Type Page",
          "fullFile": "",
          "file": "",
          "beforeHooks": [],
          "afterHooks": [],
          "tests": [
            {
              "title": "User clicks the 'Add New' button",
              "fullTitle": "Validation of 'Add New' Button on Loan Type Page User clicks the 'Add New' button",
              "timedOut": null,
              "duration": 3360,
              "state": "passed",
              "speed": "fast",
              "pass": true,
              "fail": false,
              "pending": false,
              "context": null,
              "code": "const state = window.testState;\nreturn cy\n  .then(() => state.onStartScenario(scenario, indexedSteps))\n  .then(() =>\n    resolveAndRunBeforeHooks.call(this, scenario.tags, state.feature.name)\n  )\n  .then(() =>\n    indexedSteps.forEach((step) =>\n      stepTest.call(this, state, step, rowData)\n    )\n  )\n  .then(() => state.onFinishScenario(scenario));",
              "err": {},
              "uuid": "bb304223-c455-4b69-ad49-2780947ed258",
              "parentUUID": "637161c4-f8ef-4ee8-bc4f-482da61fc052",
              "isHook": false,
              "skipped": false
            }
          ],
          "suites": [],
          "passes": [
            "bb304223-c455-4b69-ad49-2780947ed258"
          ],
          "failures": [],
          "pending": [],
          "skipped": [],
          "duration": 3360,
          "root": false,
          "rootEmpty": false,
          "_timeout": 2000
        }
      ],
      "passes": [],
      "failures": [],
      "pending": [],
      "skipped": [],
      "duration": 0,
      "root": true,
      "rootEmpty": true,
      "_timeout": 2000
    }
  ],
  "meta": {
    "mocha": {
      "version": "7.0.1"
    },
    "mochawesome": {
      "options": {
        "quiet": false,
        "reportFilename": "mochawesome",
        "saveHtml": false,
        "saveJson": true,
        "consoleReporter": "spec",
        "useInlineDiffs": false,
        "code": true
      },
      "version": "7.1.3"
    },
    "marge": {
      "options": {
        "reportDir": "cypress/reports",
        "overwrite": false,
        "html": false,
        "json": true
      },
      "version": "6.2.0"
    }
  }
}