{
  "stats": {
    "suites": 1,
    "tests": 2,
    "passes": 1,
    "pending": 0,
    "failures": 1,
    "start": "2025-01-05T03:54:47.037Z",
    "end": "2025-01-05T03:54:50.153Z",
    "duration": 3116,
    "testsRegistered": 2,
    "passPercent": 50,
    "pendingPercent": 0,
    "other": 0,
    "hasOther": false,
    "skipped": 0,
    "hasSkipped": false
  },
  "results": [
    {
      "uuid": "39206f86-529c-43e8-a9d9-bcca829e292e",
      "title": "",
      "fullFile": "cypress/e2e/APITests/CreateBookUser.feature",
      "file": "cypress/e2e/APITests/CreateBookUser.feature",
      "beforeHooks": [],
      "afterHooks": [],
      "tests": [],
      "suites": [
        {
          "uuid": "580c54d4-469f-4236-8f27-d549082acd29",
          "title": "User create a book",
          "fullFile": "",
          "file": "",
          "beforeHooks": [],
          "afterHooks": [],
          "tests": [
            {
              "title": "User successfully create a book",
              "fullTitle": "User create a book User successfully create a book",
              "timedOut": null,
              "duration": 2878,
              "state": "passed",
              "speed": "fast",
              "pass": true,
              "fail": false,
              "pending": false,
              "context": null,
              "code": "const state = window.testState;\nreturn cy\n  .then(() => state.onStartScenario(scenario, indexedSteps))\n  .then(() =>\n    resolveAndRunBeforeHooks.call(this, scenario.tags, state.feature.name)\n  )\n  .then(() =>\n    indexedSteps.forEach((step) =>\n      stepTest.call(this, state, step, rowData)\n    )\n  )\n  .then(() => state.onFinishScenario(scenario));",
              "err": {},
              "uuid": "0dbf6f89-2ad2-47f1-ae2c-f11775b8bada",
              "parentUUID": "580c54d4-469f-4236-8f27-d549082acd29",
              "isHook": false,
              "skipped": false
            },
            {
              "title": "User attempt to create a book without mandatory author field",
              "fullTitle": "User create a book User attempt to create a book without mandatory author field",
              "timedOut": null,
              "duration": 159,
              "state": "failed",
              "speed": null,
              "pass": false,
              "fail": true,
              "pending": false,
              "context": null,
              "code": "const state = window.testState;\nreturn cy\n  .then(() => state.onStartScenario(scenario, indexedSteps))\n  .then(() =>\n    resolveAndRunBeforeHooks.call(this, scenario.tags, state.feature.name)\n  )\n  .then(() =>\n    indexedSteps.forEach((step) =>\n      stepTest.call(this, state, step, rowData)\n    )\n  )\n  .then(() => state.onFinishScenario(scenario));",
              "err": {
                "message": "AssertionError: expected 201 to equal 400",
                "estack": "AssertionError: expected 201 to equal 400\n    at Context.eval (cypress/support/stepDefinitions/apiSteps/post-request/post-bug.cy.ts:89:31)\n    at Context.resolveAndRunStepDefinition (node_modules/cypress-cucumber-preprocessor/lib/resolveStepDefinition.js:193:0)\n    at Context.eval (node_modules/cypress-cucumber-preprocessor/lib/createTestFromScenario.js:27:0)",
                "diff": "- 201\n+ 400\n"
              },
              "uuid": "5ada027d-4051-4a0e-bf17-066b8bda7de8",
              "parentUUID": "580c54d4-469f-4236-8f27-d549082acd29",
              "isHook": false,
              "skipped": false
            }
          ],
          "suites": [],
          "passes": [
            "0dbf6f89-2ad2-47f1-ae2c-f11775b8bada"
          ],
          "failures": [
            "5ada027d-4051-4a0e-bf17-066b8bda7de8"
          ],
          "pending": [],
          "skipped": [],
          "duration": 3037,
          "root": false,
          "rootEmpty": false,
          "_timeout": 2000
        }
      ],
      "passes": [],
      "failures": [],
      "pending": [],
      "skipped": [],
      "duration": 0,
      "root": true,
      "rootEmpty": true,
      "_timeout": 2000
    }
  ],
  "meta": {
    "mocha": {
      "version": "7.0.1"
    },
    "mochawesome": {
      "options": {
        "quiet": false,
        "reportFilename": "mochawesome",
        "saveHtml": false,
        "saveJson": true,
        "consoleReporter": "spec",
        "useInlineDiffs": false,
        "code": true
      },
      "version": "7.1.3"
    },
    "marge": {
      "options": {
        "reportDir": "cypress/reports",
        "overwrite": false,
        "html": false,
        "json": true
      },
      "version": "6.2.0"
    }
  }
}