{
  "stats": {
    "suites": 1,
    "tests": 3,
    "passes": 3,
    "pending": 0,
    "failures": 0,
    "start": "2025-01-05T03:57:38.069Z",
    "end": "2025-01-05T03:57:45.044Z",
    "duration": 6975,
    "testsRegistered": 3,
    "passPercent": 100,
    "pendingPercent": 0,
    "other": 0,
    "hasOther": false,
    "skipped": 0,
    "hasSkipped": false
  },
  "results": [
    {
      "uuid": "3e628d01-80ed-4f43-95dd-f935964be0e9",
      "title": "",
      "fullFile": "cypress/e2e/uiTests/login/Login.feature",
      "file": "cypress/e2e/uiTests/login/Login.feature",
      "beforeHooks": [],
      "afterHooks": [],
      "tests": [],
      "suites": [
        {
          "uuid": "72cbe38e-c590-446e-b05b-2ed488c9fb56",
          "title": "Login functionality",
          "fullFile": "",
          "file": "",
          "beforeHooks": [],
          "afterHooks": [],
          "tests": [
            {
              "title": "User logs in to the system Successfully",
              "fullTitle": "Login functionality User logs in to the system Successfully",
              "timedOut": null,
              "duration": 2839,
              "state": "passed",
              "speed": "fast",
              "pass": true,
              "fail": false,
              "pending": false,
              "context": null,
              "code": "const state = window.testState;\nreturn cy\n  .then(() => state.onStartScenario(scenario, indexedSteps))\n  .then(() =>\n    resolveAndRunBeforeHooks.call(this, scenario.tags, state.feature.name)\n  )\n  .then(() =>\n    indexedSteps.forEach((step) =>\n      stepTest.call(this, state, step, rowData)\n    )\n  )\n  .then(() => state.onFinishScenario(scenario));",
              "err": {},
              "uuid": "2fc80470-b68f-4c84-8612-8a2d11e4e72d",
              "parentUUID": "72cbe38e-c590-446e-b05b-2ed488c9fb56",
              "isHook": false,
              "skipped": false
            },
            {
              "title": "User fails to logs in to the system",
              "fullTitle": "Login functionality User fails to logs in to the system",
              "timedOut": null,
              "duration": 1168,
              "state": "passed",
              "speed": "fast",
              "pass": true,
              "fail": false,
              "pending": false,
              "context": null,
              "code": "const state = window.testState;\nreturn cy\n  .then(() => state.onStartScenario(scenario, indexedSteps))\n  .then(() =>\n    resolveAndRunBeforeHooks.call(this, scenario.tags, state.feature.name)\n  )\n  .then(() =>\n    indexedSteps.forEach((step) =>\n      stepTest.call(this, state, step, rowData)\n    )\n  )\n  .then(() => state.onFinishScenario(scenario));",
              "err": {},
              "uuid": "83fc4b26-f0d7-49a6-a0a2-69f997cafd89",
              "parentUUID": "72cbe38e-c590-446e-b05b-2ed488c9fb56",
              "isHook": false,
              "skipped": false
            },
            {
              "title": "User logs out of the the system Successfully",
              "fullTitle": "Login functionality User logs out of the the system Successfully",
              "timedOut": null,
              "duration": 2849,
              "state": "passed",
              "speed": "fast",
              "pass": true,
              "fail": false,
              "pending": false,
              "context": null,
              "code": "const state = window.testState;\nreturn cy\n  .then(() => state.onStartScenario(scenario, indexedSteps))\n  .then(() =>\n    resolveAndRunBeforeHooks.call(this, scenario.tags, state.feature.name)\n  )\n  .then(() =>\n    indexedSteps.forEach((step) =>\n      stepTest.call(this, state, step, rowData)\n    )\n  )\n  .then(() => state.onFinishScenario(scenario));",
              "err": {},
              "uuid": "61379be8-bdd9-406d-a0eb-dfca04d76907",
              "parentUUID": "72cbe38e-c590-446e-b05b-2ed488c9fb56",
              "isHook": false,
              "skipped": false
            }
          ],
          "suites": [],
          "passes": [
            "2fc80470-b68f-4c84-8612-8a2d11e4e72d",
            "83fc4b26-f0d7-49a6-a0a2-69f997cafd89",
            "61379be8-bdd9-406d-a0eb-dfca04d76907"
          ],
          "failures": [],
          "pending": [],
          "skipped": [],
          "duration": 6856,
          "root": false,
          "rootEmpty": false,
          "_timeout": 2000
        }
      ],
      "passes": [],
      "failures": [],
      "pending": [],
      "skipped": [],
      "duration": 0,
      "root": true,
      "rootEmpty": true,
      "_timeout": 2000
    }
  ],
  "meta": {
    "mocha": {
      "version": "7.0.1"
    },
    "mochawesome": {
      "options": {
        "quiet": false,
        "reportFilename": "mochawesome",
        "saveHtml": false,
        "saveJson": true,
        "consoleReporter": "spec",
        "useInlineDiffs": false,
        "code": true
      },
      "version": "7.1.3"
    },
    "marge": {
      "options": {
        "reportDir": "cypress/reports",
        "overwrite": false,
        "html": false,
        "json": true
      },
      "version": "6.2.0"
    }
  }
}