{
  "stats": {
    "suites": 1,
    "tests": 5,
    "passes": 2,
    "pending": 0,
    "failures": 3,
    "start": "2025-01-05T03:55:12.815Z",
    "end": "2025-01-05T03:55:16.643Z",
    "duration": 3828,
    "testsRegistered": 5,
    "passPercent": 40,
    "pendingPercent": 0,
    "other": 0,
    "hasOther": false,
    "skipped": 0,
    "hasSkipped": false
  },
  "results": [
    {
      "uuid": "75aa5f34-a0cb-4d5a-b9f9-c857d4583162",
      "title": "",
      "fullFile": "cypress/e2e/APITests/UpdateBook.feature",
      "file": "cypress/e2e/APITests/UpdateBook.feature",
      "beforeHooks": [],
      "afterHooks": [],
      "tests": [],
      "suites": [
        {
          "uuid": "09e69f58-aaf8-4536-a145-c06b520a706e",
          "title": "Update a Book",
          "fullFile": "",
          "file": "",
          "beforeHooks": [],
          "afterHooks": [],
          "tests": [
            {
              "title": "Successfully update a book with Admin login",
              "fullTitle": "Update a Book Successfully update a book with Admin login",
              "timedOut": null,
              "duration": 2979,
              "state": "passed",
              "speed": "fast",
              "pass": true,
              "fail": false,
              "pending": false,
              "context": null,
              "code": "const state = window.testState;\nreturn cy\n  .then(() => state.onStartScenario(scenario, indexedSteps))\n  .then(() =>\n    resolveAndRunBeforeHooks.call(this, scenario.tags, state.feature.name)\n  )\n  .then(() =>\n    indexedSteps.forEach((step) =>\n      stepTest.call(this, state, step, rowData)\n    )\n  )\n  .then(() => state.onFinishScenario(scenario));",
              "err": {},
              "uuid": "8504cf7d-9694-4304-a01a-a16af3e89569",
              "parentUUID": "09e69f58-aaf8-4536-a145-c06b520a706e",
              "isHook": false,
              "skipped": false
            },
            {
              "title": "Attempt to update a non-existent book",
              "fullTitle": "Update a Book Attempt to update a non-existent book",
              "timedOut": null,
              "duration": 149,
              "state": "passed",
              "speed": "fast",
              "pass": true,
              "fail": false,
              "pending": false,
              "context": null,
              "code": "const state = window.testState;\nreturn cy\n  .then(() => state.onStartScenario(scenario, indexedSteps))\n  .then(() =>\n    resolveAndRunBeforeHooks.call(this, scenario.tags, state.feature.name)\n  )\n  .then(() =>\n    indexedSteps.forEach((step) =>\n      stepTest.call(this, state, step, rowData)\n    )\n  )\n  .then(() => state.onFinishScenario(scenario));",
              "err": {},
              "uuid": "361b543e-6a37-4565-8c91-6786e3dd65b6",
              "parentUUID": "09e69f58-aaf8-4536-a145-c06b520a706e",
              "isHook": false,
              "skipped": false
            },
            {
              "title": "Attempt to update a book with an existing name but different ID and author",
              "fullTitle": "Update a Book Attempt to update a book with an existing name but different ID and author",
              "timedOut": null,
              "duration": 179,
              "state": "failed",
              "speed": null,
              "pass": false,
              "fail": true,
              "pending": false,
              "context": null,
              "code": "const state = window.testState;\nreturn cy\n  .then(() => state.onStartScenario(scenario, indexedSteps))\n  .then(() =>\n    resolveAndRunBeforeHooks.call(this, scenario.tags, state.feature.name)\n  )\n  .then(() =>\n    indexedSteps.forEach((step) =>\n      stepTest.call(this, state, step, rowData)\n    )\n  )\n  .then(() => state.onFinishScenario(scenario));",
              "err": {
                "message": "AssertionError: expected 208 to equal 200",
                "estack": "AssertionError: expected 208 to equal 200\n    at Context.eval (cypress/support/stepDefinitions/apiSteps/Put-Request/UpdateBookUsingAdmin.cy.ts:105:42)\n    at Context.resolveAndRunStepDefinition (node_modules/cypress-cucumber-preprocessor/lib/resolveStepDefinition.js:193:0)\n    at Context.eval (node_modules/cypress-cucumber-preprocessor/lib/createTestFromScenario.js:27:0)",
                "diff": "- 208\n+ 200\n"
              },
              "uuid": "6c26ee35-af57-438b-a18e-20cabe4e4166",
              "parentUUID": "09e69f58-aaf8-4536-a145-c06b520a706e",
              "isHook": false,
              "skipped": false
            },
            {
              "title": "User attempts to update a book with User login",
              "fullTitle": "Update a Book User attempts to update a book with User login",
              "timedOut": null,
              "duration": 153,
              "state": "failed",
              "speed": null,
              "pass": false,
              "fail": true,
              "pending": false,
              "context": null,
              "code": "const state = window.testState;\nreturn cy\n  .then(() => state.onStartScenario(scenario, indexedSteps))\n  .then(() =>\n    resolveAndRunBeforeHooks.call(this, scenario.tags, state.feature.name)\n  )\n  .then(() =>\n    indexedSteps.forEach((step) =>\n      stepTest.call(this, state, step, rowData)\n    )\n  )\n  .then(() => state.onFinishScenario(scenario));",
              "err": {
                "message": "TypeError: Cannot read properties of undefined (reading 'status')",
                "estack": "TypeError: Cannot read properties of undefined (reading 'status')\n    at Context.eval (cypress/support/stepDefinitions/apiSteps/Delete-Request/DeleteRequestAsUser.cy.ts:23:18)\n    at Context.resolveAndRunStepDefinition (node_modules/cypress-cucumber-preprocessor/lib/resolveStepDefinition.js:193:0)\n    at Context.eval (node_modules/cypress-cucumber-preprocessor/lib/createTestFromScenario.js:27:0)",
                "diff": null
              },
              "uuid": "cb66dfc6-e9be-4e97-9df2-38d98dc1a16c",
              "parentUUID": "09e69f58-aaf8-4536-a145-c06b520a706e",
              "isHook": false,
              "skipped": false
            },
            {
              "title": "Admin attempts to update a book with an empty title",
              "fullTitle": "Update a Book Admin attempts to update a book with an empty title",
              "timedOut": null,
              "duration": 171,
              "state": "failed",
              "speed": null,
              "pass": false,
              "fail": true,
              "pending": false,
              "context": null,
              "code": "const state = window.testState;\nreturn cy\n  .then(() => state.onStartScenario(scenario, indexedSteps))\n  .then(() =>\n    resolveAndRunBeforeHooks.call(this, scenario.tags, state.feature.name)\n  )\n  .then(() =>\n    indexedSteps.forEach((step) =>\n      stepTest.call(this, state, step, rowData)\n    )\n  )\n  .then(() => state.onFinishScenario(scenario));",
              "err": {
                "message": "AssertionError: expected 200 to equal 400",
                "estack": "AssertionError: expected 200 to equal 400\n    at Context.eval (cypress/support/stepDefinitions/apiSteps/Put-Request/UpdateBookUsingAdmin.cy.ts:143:35)\n    at Context.resolveAndRunStepDefinition (node_modules/cypress-cucumber-preprocessor/lib/resolveStepDefinition.js:193:0)\n    at Context.eval (node_modules/cypress-cucumber-preprocessor/lib/createTestFromScenario.js:27:0)",
                "diff": "- 200\n+ 400\n"
              },
              "uuid": "90bddd69-996c-42b9-9e06-bbbd11c8068e",
              "parentUUID": "09e69f58-aaf8-4536-a145-c06b520a706e",
              "isHook": false,
              "skipped": false
            }
          ],
          "suites": [],
          "passes": [
            "8504cf7d-9694-4304-a01a-a16af3e89569",
            "361b543e-6a37-4565-8c91-6786e3dd65b6"
          ],
          "failures": [
            "6c26ee35-af57-438b-a18e-20cabe4e4166",
            "cb66dfc6-e9be-4e97-9df2-38d98dc1a16c",
            "90bddd69-996c-42b9-9e06-bbbd11c8068e"
          ],
          "pending": [],
          "skipped": [],
          "duration": 3631,
          "root": false,
          "rootEmpty": false,
          "_timeout": 2000
        }
      ],
      "passes": [],
      "failures": [],
      "pending": [],
      "skipped": [],
      "duration": 0,
      "root": true,
      "rootEmpty": true,
      "_timeout": 2000
    }
  ],
  "meta": {
    "mocha": {
      "version": "7.0.1"
    },
    "mochawesome": {
      "options": {
        "quiet": false,
        "reportFilename": "mochawesome",
        "saveHtml": false,
        "saveJson": true,
        "consoleReporter": "spec",
        "useInlineDiffs": false,
        "code": true
      },
      "version": "7.1.3"
    },
    "marge": {
      "options": {
        "reportDir": "cypress/reports",
        "overwrite": false,
        "html": false,
        "json": true
      },
      "version": "6.2.0"
    }
  }
}