{
  "stats": {
    "suites": 1,
    "tests": 1,
    "passes": 1,
    "pending": 0,
    "failures": 0,
    "start": "2025-01-05T03:57:30.737Z",
    "end": "2025-01-05T03:57:34.818Z",
    "duration": 4081,
    "testsRegistered": 1,
    "passPercent": 100,
    "pendingPercent": 0,
    "other": 0,
    "hasOther": false,
    "skipped": 0,
    "hasSkipped": false
  },
  "results": [
    {
      "uuid": "998ee1bb-5c25-45c9-9c39-d3ce24e58738",
      "title": "",
      "fullFile": "cypress/e2e/uiTests/leave/searchLeaveType.feature",
      "file": "cypress/e2e/uiTests/leave/searchLeaveType.feature",
      "beforeHooks": [],
      "afterHooks": [],
      "tests": [],
      "suites": [
        {
          "uuid": "f75ec5ef-b8cf-4119-b196-db9916666568",
          "title": "Search Leave Type",
          "fullFile": "",
          "file": "",
          "beforeHooks": [],
          "afterHooks": [],
          "tests": [
            {
              "title": "Search for \"Annual Leave\" in the search bar",
              "fullTitle": "Search Leave Type Search for \"Annual Leave\" in the search bar",
              "timedOut": null,
              "duration": 4008,
              "state": "passed",
              "speed": "fast",
              "pass": true,
              "fail": false,
              "pending": false,
              "context": null,
              "code": "const state = window.testState;\nreturn cy\n  .then(() => state.onStartScenario(scenario, indexedSteps))\n  .then(() =>\n    resolveAndRunBeforeHooks.call(this, scenario.tags, state.feature.name)\n  )\n  .then(() =>\n    indexedSteps.forEach((step) =>\n      stepTest.call(this, state, step, rowData)\n    )\n  )\n  .then(() => state.onFinishScenario(scenario));",
              "err": {},
              "uuid": "986b637b-6f66-43ba-bb96-899432f641ee",
              "parentUUID": "f75ec5ef-b8cf-4119-b196-db9916666568",
              "isHook": false,
              "skipped": false
            }
          ],
          "suites": [],
          "passes": [
            "986b637b-6f66-43ba-bb96-899432f641ee"
          ],
          "failures": [],
          "pending": [],
          "skipped": [],
          "duration": 4008,
          "root": false,
          "rootEmpty": false,
          "_timeout": 2000
        }
      ],
      "passes": [],
      "failures": [],
      "pending": [],
      "skipped": [],
      "duration": 0,
      "root": true,
      "rootEmpty": true,
      "_timeout": 2000
    }
  ],
  "meta": {
    "mocha": {
      "version": "7.0.1"
    },
    "mochawesome": {
      "options": {
        "quiet": false,
        "reportFilename": "mochawesome",
        "saveHtml": false,
        "saveJson": true,
        "consoleReporter": "spec",
        "useInlineDiffs": false,
        "code": true
      },
      "version": "7.1.3"
    },
    "marge": {
      "options": {
        "reportDir": "cypress/reports",
        "overwrite": false,
        "html": false,
        "json": true
      },
      "version": "6.2.0"
    }
  }
}