{
  "stats": {
    "suites": 1,
    "tests": 1,
    "passes": 1,
    "pending": 0,
    "failures": 0,
    "start": "2025-01-05T03:55:33.860Z",
    "end": "2025-01-05T03:55:38.127Z",
    "duration": 4267,
    "testsRegistered": 1,
    "passPercent": 100,
    "pendingPercent": 0,
    "other": 0,
    "hasOther": false,
    "skipped": 0,
    "hasSkipped": false
  },
  "results": [
    {
      "uuid": "bd1ec4f4-eb77-40cb-bf1e-7bfeab68fe7b",
      "title": "",
      "fullFile": "cypress/e2e/uiTests/Attendence/CheckAttendenceVisible.feature",
      "file": "cypress/e2e/uiTests/Attendence/CheckAttendenceVisible.feature",
      "beforeHooks": [],
      "afterHooks": [],
      "tests": [],
      "suites": [
        {
          "uuid": "c77943bb-9cb7-40fa-8ae7-61e4fefd856b",
          "title": "Functionality of Manage Drop Down",
          "fullFile": "",
          "file": "",
          "beforeHooks": [],
          "afterHooks": [],
          "tests": [
            {
              "title": "Open the Manage Drop dwon when user click on it",
              "fullTitle": "Functionality of Manage Drop Down Open the Manage Drop dwon when user click on it",
              "timedOut": null,
              "duration": 4028,
              "state": "passed",
              "speed": "fast",
              "pass": true,
              "fail": false,
              "pending": false,
              "context": null,
              "code": "const state = window.testState;\nreturn cy\n  .then(() => state.onStartScenario(scenario, indexedSteps))\n  .then(() =>\n    resolveAndRunBeforeHooks.call(this, scenario.tags, state.feature.name)\n  )\n  .then(() =>\n    indexedSteps.forEach((step) =>\n      stepTest.call(this, state, step, rowData)\n    )\n  )\n  .then(() => state.onFinishScenario(scenario));",
              "err": {},
              "uuid": "688ff38c-5773-43a3-b386-a985155981e6",
              "parentUUID": "c77943bb-9cb7-40fa-8ae7-61e4fefd856b",
              "isHook": false,
              "skipped": false
            }
          ],
          "suites": [],
          "passes": [
            "688ff38c-5773-43a3-b386-a985155981e6"
          ],
          "failures": [],
          "pending": [],
          "skipped": [],
          "duration": 4028,
          "root": false,
          "rootEmpty": false,
          "_timeout": 2000
        }
      ],
      "passes": [],
      "failures": [],
      "pending": [],
      "skipped": [],
      "duration": 0,
      "root": true,
      "rootEmpty": true,
      "_timeout": 2000
    }
  ],
  "meta": {
    "mocha": {
      "version": "7.0.1"
    },
    "mochawesome": {
      "options": {
        "quiet": false,
        "reportFilename": "mochawesome",
        "saveHtml": false,
        "saveJson": true,
        "consoleReporter": "spec",
        "useInlineDiffs": false,
        "code": true
      },
      "version": "7.1.3"
    },
    "marge": {
      "options": {
        "reportDir": "cypress/reports",
        "overwrite": false,
        "html": false,
        "json": true
      },
      "version": "6.2.0"
    }
  }
}