{
  "stats": {
    "suites": 1,
    "tests": 4,
    "passes": 4,
    "pending": 0,
    "failures": 0,
    "start": "2025-01-05T03:56:29.215Z",
    "end": "2025-01-05T03:56:47.024Z",
    "duration": 17809,
    "testsRegistered": 4,
    "passPercent": 100,
    "pendingPercent": 0,
    "other": 0,
    "hasOther": false,
    "skipped": 0,
    "hasSkipped": false
  },
  "results": [
    {
      "uuid": "33e857fe-0cd3-49ec-ab26-a62d35048c07",
      "title": "",
      "fullFile": "cypress/e2e/uiTests/expenses/Expenses.feature",
      "file": "cypress/e2e/uiTests/expenses/Expenses.feature",
      "beforeHooks": [],
      "afterHooks": [],
      "tests": [],
      "suites": [
        {
          "uuid": "40843694-a272-46a4-a37c-3955eb0d8b55",
          "title": "Expenses functionality",
          "fullFile": "",
          "file": "",
          "beforeHooks": [],
          "afterHooks": [],
          "tests": [
            {
              "title": "User create a new expense type",
              "fullTitle": "Expenses functionality User create a new expense type",
              "timedOut": null,
              "duration": 6466,
              "state": "passed",
              "speed": "medium",
              "pass": true,
              "fail": false,
              "pending": false,
              "context": null,
              "code": "const state = window.testState;\nreturn cy\n  .then(() => state.onStartScenario(scenario, indexedSteps))\n  .then(() =>\n    resolveAndRunBeforeHooks.call(this, scenario.tags, state.feature.name)\n  )\n  .then(() =>\n    indexedSteps.forEach((step) =>\n      stepTest.call(this, state, step, rowData)\n    )\n  )\n  .then(() => state.onFinishScenario(scenario));",
              "err": {},
              "uuid": "ef6008e6-252f-4839-bcc8-d821d5f852b8",
              "parentUUID": "40843694-a272-46a4-a37c-3955eb0d8b55",
              "isHook": false,
              "skipped": false
            },
            {
              "title": "User edit newly created expense type",
              "fullTitle": "Expenses functionality User edit newly created expense type",
              "timedOut": null,
              "duration": 4431,
              "state": "passed",
              "speed": "fast",
              "pass": true,
              "fail": false,
              "pending": false,
              "context": null,
              "code": "const state = window.testState;\nreturn cy\n  .then(() => state.onStartScenario(scenario, indexedSteps))\n  .then(() =>\n    resolveAndRunBeforeHooks.call(this, scenario.tags, state.feature.name)\n  )\n  .then(() =>\n    indexedSteps.forEach((step) =>\n      stepTest.call(this, state, step, rowData)\n    )\n  )\n  .then(() => state.onFinishScenario(scenario));",
              "err": {},
              "uuid": "2c8727ce-20cb-43c9-9ac4-e390e7e33a10",
              "parentUUID": "40843694-a272-46a4-a37c-3955eb0d8b55",
              "isHook": false,
              "skipped": false
            },
            {
              "title": "User delete newly created expense type",
              "fullTitle": "Expenses functionality User delete newly created expense type",
              "timedOut": null,
              "duration": 3995,
              "state": "passed",
              "speed": "fast",
              "pass": true,
              "fail": false,
              "pending": false,
              "context": null,
              "code": "const state = window.testState;\nreturn cy\n  .then(() => state.onStartScenario(scenario, indexedSteps))\n  .then(() =>\n    resolveAndRunBeforeHooks.call(this, scenario.tags, state.feature.name)\n  )\n  .then(() =>\n    indexedSteps.forEach((step) =>\n      stepTest.call(this, state, step, rowData)\n    )\n  )\n  .then(() => state.onFinishScenario(scenario));",
              "err": {},
              "uuid": "151f5d8a-12b6-4048-b7a0-2244fc839df8",
              "parentUUID": "40843694-a272-46a4-a37c-3955eb0d8b55",
              "isHook": false,
              "skipped": false
            },
            {
              "title": "User filter records by expense type",
              "fullTitle": "Expenses functionality User filter records by expense type",
              "timedOut": null,
              "duration": 2317,
              "state": "passed",
              "speed": "fast",
              "pass": true,
              "fail": false,
              "pending": false,
              "context": null,
              "code": "const state = window.testState;\nreturn cy\n  .then(() => state.onStartScenario(scenario, indexedSteps))\n  .then(() =>\n    resolveAndRunBeforeHooks.call(this, scenario.tags, state.feature.name)\n  )\n  .then(() =>\n    indexedSteps.forEach((step) =>\n      stepTest.call(this, state, step, rowData)\n    )\n  )\n  .then(() => state.onFinishScenario(scenario));",
              "err": {},
              "uuid": "3a205f15-cc99-4f86-8880-90090d6c3515",
              "parentUUID": "40843694-a272-46a4-a37c-3955eb0d8b55",
              "isHook": false,
              "skipped": false
            }
          ],
          "suites": [],
          "passes": [
            "ef6008e6-252f-4839-bcc8-d821d5f852b8",
            "2c8727ce-20cb-43c9-9ac4-e390e7e33a10",
            "151f5d8a-12b6-4048-b7a0-2244fc839df8",
            "3a205f15-cc99-4f86-8880-90090d6c3515"
          ],
          "failures": [],
          "pending": [],
          "skipped": [],
          "duration": 17209,
          "root": false,
          "rootEmpty": false,
          "_timeout": 2000
        }
      ],
      "passes": [],
      "failures": [],
      "pending": [],
      "skipped": [],
      "duration": 0,
      "root": true,
      "rootEmpty": true,
      "_timeout": 2000
    }
  ],
  "meta": {
    "mocha": {
      "version": "7.0.1"
    },
    "mochawesome": {
      "options": {
        "quiet": false,
        "reportFilename": "mochawesome",
        "saveHtml": false,
        "saveJson": true,
        "consoleReporter": "spec",
        "useInlineDiffs": false,
        "code": true
      },
      "version": "7.1.3"
    },
    "marge": {
      "options": {
        "reportDir": "cypress/reports",
        "overwrite": false,
        "html": false,
        "json": true
      },
      "version": "6.2.0"
    }
  }
}